make all --print-data-base --no-builtin-variables --no-builtin-rules --question
make: *** No rule to make target 'all'.  Stop.

# GNU Make 4.1
# Built for x86_64-pc-linux-gnu
# Copyright (C) 1988-2014 Free Software Foundation, Inc.
# License GPLv3+: GNU GPL version 3 or later <http://gnu.org/licenses/gpl.html>
# This is free software: you are free to change and redistribute it.
# There is NO WARRANTY, to the extent permitted by law.

# Make data base, printed on Fri Aug  5 18:09:03 2022

# Variables

# automatic
<D = $(patsubst %/,%,$(dir $<))
# automatic
?F = $(notdir $?)
# default
.SHELLFLAGS := -c
# environment
VSCODE_AGENT_FOLDER = /home/zzr/.vscode-server
# automatic
?D = $(patsubst %/,%,$(dir $?))
# automatic
@D = $(patsubst %/,%,$(dir $@))
# automatic
@F = $(notdir $@)
# default
MAKE_VERSION := 4.1
# makefile
CURDIR := /home/zzr/TinyWebServer
# makefile
SHELL = /bin/sh
# environment
VSCODE_NLS_CONFIG = {"locale":"zh-cn","availableLanguages":{"*":"zh-cn"},"_languagePackId":"e1243840abbb4e31a890d397033a9abf.zh-cn","_translationsConfigFile":"/home/zzr/.vscode-server/data/clp/e1243840abbb4e31a890d397033a9abf.zh-cn/tcf.json","_cacheRoot":"/home/zzr/.vscode-server/data/clp/e1243840abbb4e31a890d397033a9abf.zh-cn","_resolvedLanguagePackCoreLocation":"/home/zzr/.vscode-server/data/clp/e1243840abbb4e31a890d397033a9abf.zh-cn/da76f93349a72022ca4670c1b84860304616aaa2","_corruptedFile":"/home/zzr/.vscode-server/data/clp/e1243840abbb4e31a890d397033a9abf.zh-cn/corrupted.info","_languagePackSupport":true}
# environment
_ = /home/zzr/.vscode-server/bin/da76f93349a72022ca4670c1b84860304616aaa2/node
# makefile (from 'Makefile', line 1)
MAKEFILE_LIST :=  Makefile
# 'override' directive
GNUMAKEFLAGS := 
# environment
XDG_DATA_DIRS = /usr/local/share:/usr/share:/var/lib/snapd/desktop
# environment
DBUS_SESSION_BUS_ADDRESS = unix:path=/run/user/1000/bus
# environment
LESSOPEN = | /usr/bin/lesspipe %s
# environment
VSCODE_CWD = /home/zzr
# environment
SSH_CONNECTION = 192.168.75.1 50110 192.168.75.130 22
# environment
PATH = /home/zzr/.vscode-server/bin/da76f93349a72022ca4670c1b84860304616aaa2/bin/remote-cli:/usr/local/sbin:/usr/local/bin:/usr/sbin:/usr/bin:/sbin:/bin:/usr/games:/usr/local/games:/snap/bin
# environment
XDG_RUNTIME_DIR = /run/user/1000
# environment
ELECTRON_RUN_AS_NODE = 1
# default
.FEATURES := target-specific order-only second-expansion else-if shortest-stem undefine oneshell archives jobserver output-sync check-symlink load
# environment
LS_COLORS = 
# automatic
%F = $(notdir $%)
# environment
PWD = /home/zzr/TinyWebServer
# environment
VSCODE_IPC_HOOK_CLI = /run/user/1000/vscode-ipc-92ccbdc7-5c9a-4dc1-9c85-18e575df021b.sock
# automatic
*D = $(patsubst %/,%,$(dir $*))
# environment
VSCODE_AMD_ENTRYPOINT = vs/workbench/api/node/extensionHostProcess
# environment
HOME = /home/zzr
# environment
LD_LIBRARY_PATH = :/home/zzr/Linux/lesson06/library/lib:/home/zzr/Linux/lesson06/library/lib
# environment
LESSCLOSE = /usr/bin/lesspipe %s %s
# environment
LOGNAME = zzr
# environment
APPLICATION_INSIGHTS_NO_DIAGNOSTIC_CHANNEL = true
# automatic
+F = $(notdir $+)
# environment
VSCODE_HANDLES_UNCAUGHT_ERRORS = true
# automatic
^D = $(patsubst %/,%,$(dir $^))
# environment
MAKELEVEL := 0
# default
MAKE = $(MAKE_COMMAND)
# default
MAKECMDGOALS := all
# environment
SHLVL = 3
# environment
XDG_SESSION_ID = 4
# environment
USER = zzr
# makefile
.DEFAULT_GOAL := server
# automatic
%D = $(patsubst %/,%,$(dir $%))
# default
MAKE_COMMAND := make
# default
.VARIABLES := 
# automatic
*F = $(notdir $*)
# environment
LANGUAGE = zh_CN:zh
# makefile
MAKEFLAGS = pqrR
# environment
MFLAGS = -pqrR
# environment
SSH_CLIENT = 192.168.75.1 50110 22
# environment
MAIL = /var/mail/zzr
# automatic
+D = $(patsubst %/,%,$(dir $+))
# environment
BROWSER = /home/zzr/.vscode-server/bin/da76f93349a72022ca4670c1b84860304616aaa2/bin/helpers/browser.sh
# environment
VSCODE_HANDLES_SIGPIPE = true
# default
MAKEFILES := 
# automatic
<F = $(notdir $<)
# environment
LC_ALL = C
# automatic
^F = $(notdir $^)
# default
SUFFIXES := 
# default
.INCLUDE_DIRS = /usr/include /usr/local/include /usr/include
# default
.RECIPEPREFIX := 
# default
MAKE_HOST := x86_64-pc-linux-gnu
# environment
LANG = C
# variable set hash-table stats:
# Load=65/1024=6%, Rehash=0, Collisions=8/90=9%

# Pattern-specific Variable Values

# No pattern-specific variable values.

# Directories

# . (device 2049, inode 262305): 19 files, no impossibilities.

# 19 files, no impossibilities in 1 directories.

# Implicit Rules

# No implicit rules.

# Files

# Not a target:
lock/locker.h:
#  Implicit rule search has not been done.
#  Modification time never checked.
#  File has not been updated.

# Not a target:
all:
#  Command line target.
#  Implicit rule search has been done.
#  File does not exist.
#  File has not been updated.

# Not a target:
http/http_conn.h:
#  Implicit rule search has not been done.
#  Modification time never checked.
#  File has not been updated.

# Not a target:
http/http_conn.cpp:
#  Implicit rule search has not been done.
#  Modification time never checked.
#  File has not been updated.

# Not a target:
Makefile:
#  Implicit rule search has been done.
#  Last modified 2022-07-31 15:45:58.742889822
#  File has been updated.
#  Successfully updated.

# Not a target:
CGI_MySQL/sql_connection_pool.h:
#  Implicit rule search has not been done.
#  Modification time never checked.
#  File has not been updated.

server: main.cpp threadpool/threadpool.h http/http_conn.h http/http_conn.cpp lock/locker.h log/block_queue.h log/log.h log/log.cpp CGI_MySQL/sql_connection_pool.h CGI_MySQL/sql_connection_pool.cpp
#  Implicit rule search has not been done.
#  Modification time never checked.
#  File has not been updated.
#  recipe to execute (from 'Makefile', line 2):
	g++ -o server main.cpp ./threadpool/threadpool.h ./http/http_conn.h ./http/http_conn.cpp ./lock/locker.h ./log/block_queue.h ./log/log.h ./log/log.cpp ./CGI_MySQL/sql_connection_pool.h ./CGI_MySQL/sql_connection_pool.cpp -lpthread -lmysqlclient

# Not a target:
log/log.h:
#  Implicit rule search has not been done.
#  Modification time never checked.
#  File has not been updated.

# Not a target:
CGI_MySQL/sql_connection_pool.cpp:
#  Implicit rule search has not been done.
#  Modification time never checked.
#  File has not been updated.

# Not a target:
main.cpp:
#  Implicit rule search has not been done.
#  Modification time never checked.
#  File has not been updated.

# Not a target:
log/log.cpp:
#  Implicit rule search has not been done.
#  Modification time never checked.
#  File has not been updated.

# Not a target:
.DEFAULT:
#  Implicit rule search has not been done.
#  Modification time never checked.
#  File has not been updated.

clean:
#  Implicit rule search has not been done.
#  Modification time never checked.
#  File has not been updated.
#  recipe to execute (from 'Makefile', line 4):
	rm -r server

# Not a target:
log/block_queue.h:
#  Implicit rule search has not been done.
#  Modification time never checked.
#  File has not been updated.

# Not a target:
threadpool/threadpool.h:
#  Implicit rule search has not been done.
#  Modification time never checked.
#  File has not been updated.

# files hash-table stats:
# Load=16/1024=2%, Rehash=0, Collisions=0/36=0%
# VPATH Search Paths

# No 'vpath' search paths.

# No general ('VPATH' variable) search path.

# strcache buffers: 1 (0) / strings = 34 / storage = 416 B / avg = 12 B
# current buf: size = 8162 B / used = 416 B / count = 34 / avg = 12 B

# strcache performance: lookups = 42 / hit rate = 19%
# hash-table stats:
# Load=34/8192=0%, Rehash=0, Collisions=1/42=2%
# Finished Make data base on Fri Aug  5 18:09:03 2022

 
